0 info it worked if it ends with ok
1 verbose cli [ 'E:\\node-v6.11.1-win-x86\\node.exe',
1 verbose cli   'E:\\node-v6.11.1-win-x86\\node_modules\\npm\\bin\\npm-cli.js',
1 verbose cli   'run',
1 verbose cli   'server/tests/server.test.js' ]
2 info using npm@3.10.10
3 info using node@v6.11.1
4 verbose stack Error: missing script: server/tests/server.test.js
4 verbose stack     at run (E:\node-v6.11.1-win-x86\node_modules\npm\lib\run-script.js:151:19)
4 verbose stack     at E:\node-v6.11.1-win-x86\node_modules\npm\lib\run-script.js:61:5
4 verbose stack     at E:\node-v6.11.1-win-x86\node_modules\npm\node_modules\read-package-json\read-json.js:356:5
4 verbose stack     at checkBinReferences_ (E:\node-v6.11.1-win-x86\node_modules\npm\node_modules\read-package-json\read-json.js:320:45)
4 verbose stack     at final (E:\node-v6.11.1-win-x86\node_modules\npm\node_modules\read-package-json\read-json.js:354:3)
4 verbose stack     at then (E:\node-v6.11.1-win-x86\node_modules\npm\node_modules\read-package-json\read-json.js:124:5)
4 verbose stack     at E:\node-v6.11.1-win-x86\node_modules\npm\node_modules\read-package-json\read-json.js:311:12
4 verbose stack     at E:\node-v6.11.1-win-x86\node_modules\npm\node_modules\graceful-fs\graceful-fs.js:78:16
4 verbose stack     at tryToString (fs.js:456:3)
4 verbose stack     at FSReqWrap.readFileAfterClose [as oncomplete] (fs.js:443:12)
5 verbose cwd E:\NodeApp\node-todo-api
6 error Windows_NT 10.0.10586
7 error argv "E:\\node-v6.11.1-win-x86\\node.exe" "E:\\node-v6.11.1-win-x86\\node_modules\\npm\\bin\\npm-cli.js" "run" "server/tests/server.test.js"
8 error node v6.11.1
9 error npm  v3.10.10
10 error missing script: server/tests/server.test.js
11 error If you need help, you may report this error at:
11 error     <https://github.com/npm/npm/issues>
12 verbose exit [ 1, true ]
